# JRE version: OpenJDK Runtime Environment (11.0.11+9) (build 11.0.11+9-b60-7590822)
# Java VM: OpenJDK 64-Bit Server VM (11.0.11+9-b60-7590822, mixed mode, tiered, compressed oops, g1 gc, windows-amd64)
Heap:
 garbage-first heap   total 330752K, used 171112K [0x0000000080000000, 0x0000000100000000)
  region size 1024K, 38 young (38912K), 6 survivors (6144K)
 Metaspace       used 154546K, capacity 159793K, committed 159984K, reserved 1189888K
  class space    used 18364K, capacity 20219K, committed 20224K, reserved 1048576K
GC Heap History (20 events):
Event: 9175.727 GC heap before
{Heap before GC invocations=856 (full 0):
 garbage-first heap   total 330752K, used 158204K [0x0000000080000000, 0x0000000100000000)
  region size 1024K, 16 young (16384K), 9 survivors (9216K)
 Metaspace       used 154412K, capacity 159674K, committed 159728K, reserved 1189888K
  class space    used 18365K, capacity 20222K, committed 20224K, reserved 1048576K
}
Event: 9175.736 GC heap after
{Heap after GC invocations=857 (full 0):
 garbage-first heap   total 330752K, used 143913K [0x0000000080000000, 0x0000000100000000)
  region size 1024K, 2 young (2048K), 2 survivors (2048K)
 Metaspace       used 154412K, capacity 159674K, committed 159728K, reserved 1189888K
  class space    used 18365K, capacity 20222K, committed 20224K, reserved 1048576K
}
Event: 9175.831 GC heap before
{Heap before GC invocations=857 (full 0):
 garbage-first heap   total 330752K, used 171561K [0x0000000080000000, 0x0000000100000000)
  region size 1024K, 31 young (31744K), 2 survivors (2048K)
 Metaspace       used 154442K, capacity 159738K, committed 159984K, reserved 1189888K
  class space    used 18365K, capacity 20222K, committed 20224K, reserved 1048576K
}
Event: 9175.836 GC heap after
{Heap after GC invocations=858 (full 0):
 garbage-first heap   total 330752K, used 142722K [0x0000000080000000, 0x0000000100000000)
  region size 1024K, 1 young (1024K), 1 survivors (1024K)
 Metaspace       used 154442K, capacity 159738K, committed 159984K, reserved 1189888K
  class space    used 18365K, capacity 20222K, committed 20224K, reserved 1048576K
}
Event: 9202.107 GC heap before
{Heap before GC invocations=859 (full 0):
 garbage-first heap   total 330752K, used 260482K [0x0000000080000000, 0x0000000100000000)
  region size 1024K, 106 young (108544K), 1 survivors (1024K)
 Metaspace       used 154473K, capacity 159720K, committed 159984K, reserved 1189888K
  class space    used 18364K, capacity 20219K, committed 20224K, reserved 1048576K
}
Event: 9202.116 GC heap after
{Heap after GC invocations=860 (full 0):
 garbage-first heap   total 330752K, used 148693K [0x0000000080000000, 0x0000000100000000)
  region size 1024K, 10 young (10240K), 10 survivors (10240K)
 Metaspace       used 154473K, capacity 159720K, committed 159984K, reserved 1189888K
  class space    used 18364K, capacity 20219K, committed 20224K, reserved 1048576K
}
Event: 9202.137 GC heap before
{Heap before GC invocations=860 (full 0):
 garbage-first heap   total 330752K, used 154837K [0x0000000080000000, 0x0000000100000000)
  region size 1024K, 16 young (16384K), 10 survivors (10240K)
 Metaspace       used 154473K, capacity 159720K, committed 159984K, reserved 1189888K
  class space    used 18364K, capacity 20219K, committed 20224K, reserved 1048576K
}
Event: 9202.144 GC heap after
{Heap after GC invocations=861 (full 0):
 garbage-first heap   total 330752K, used 141914K [0x0000000080000000, 0x0000000100000000)
  region size 1024K, 2 young (2048K), 2 survivors (2048K)
 Metaspace       used 154473K, capacity 159720K, committed 159984K, reserved 1189888K
  class space    used 18364K, capacity 20219K, committed 20224K, reserved 1048576K
}
Event: 9202.276 GC heap before
{Heap before GC invocations=861 (full 0):
 garbage-first heap   total 330752K, used 157274K [0x0000000080000000, 0x0000000100000000)
  region size 1024K, 18 young (18432K), 2 survivors (2048K)
 Metaspace       used 154481K, capacity 159721K, committed 159984K, reserved 1189888K
  class space    used 18364K, capacity 20219K, committed 20224K, reserved 1048576K
}
Event: 9202.283 GC heap after
{Heap after GC invocations=862 (full 0):
 garbage-first heap   total 330752K, used 142606K [0x0000000080000000, 0x0000000100000000)
  region size 1024K, 3 young (3072K), 3 survivors (3072K)
 Metaspace       used 154481K, capacity 159721K, committed 159984K, reserved 1189888K
  class space    used 18364K, capacity 20219K, committed 20224K, reserved 1048576K
}
Event: 9202.797 GC heap before
{Heap before GC invocations=863 (full 0):
 garbage-first heap   total 330752K, used 260366K [0x0000000080000000, 0x0000000100000000)
  region size 1024K, 116 young (118784K), 3 survivors (3072K)
 Metaspace       used 154495K, capacity 159723K, committed 159984K, reserved 1189888K
  class space    used 18364K, capacity 20219K, committed 20224K, reserved 1048576K
}
Event: 9202.804 GC heap after
{Heap after GC invocations=864 (full 0):
 garbage-first heap   total 330752K, used 149470K [0x0000000080000000, 0x0000000100000000)
  region size 1024K, 7 young (7168K), 7 survivors (7168K)
 Metaspace       used 154495K, capacity 159723K, committed 159984K, reserved 1189888K
  class space    used 18364K, capacity 20219K, committed 20224K, reserved 1048576K
}
Event: 9202.875 GC heap before
{Heap before GC invocations=864 (full 0):
 garbage-first heap   total 330752K, used 157662K [0x0000000080000000, 0x0000000100000000)
  region size 1024K, 16 young (16384K), 7 survivors (7168K)
 Metaspace       used 154502K, capacity 159723K, committed 159984K, reserved 1189888K
  class space    used 18364K, capacity 20219K, committed 20224K, reserved 1048576K
}
Event: 9202.878 GC heap after
{Heap after GC invocations=865 (full 0):
 garbage-first heap   total 330752K, used 133303K [0x0000000080000000, 0x0000000100000000)
  region size 1024K, 2 young (2048K), 2 survivors (2048K)
 Metaspace       used 154502K, capacity 159723K, committed 159984K, reserved 1189888K
  class space    used 18364K, capacity 20219K, committed 20224K, reserved 1048576K
}
Event: 9202.942 GC heap before
{Heap before GC invocations=865 (full 0):
 garbage-first heap   total 330752K, used 148663K [0x0000000080000000, 0x0000000100000000)
  region size 1024K, 19 young (19456K), 2 survivors (2048K)
 Metaspace       used 154540K, capacity 159793K, committed 159984K, reserved 1189888K
  class space    used 18364K, capacity 20219K, committed 20224K, reserved 1048576K
}
Event: 9202.947 GC heap after
{Heap after GC invocations=866 (full 0):
 garbage-first heap   total 330752K, used 136194K [0x0000000080000000, 0x0000000100000000)
  region size 1024K, 5 young (5120K), 5 survivors (5120K)
 Metaspace       used 154540K, capacity 159793K, committed 159984K, reserved 1189888K
  class space    used 18364K, capacity 20219K, committed 20224K, reserved 1048576K
}
Event: 11206.477 GC heap before
{Heap before GC invocations=867 (full 0):
 garbage-first heap   total 330752K, used 239435K [0x0000000080000000, 0x0000000100000000)
  region size 1024K, 101 young (103424K), 5 survivors (5120K)
 Metaspace       used 154545K, capacity 159793K, committed 159984K, reserved 1189888K
  class space    used 18364K, capacity 20219K, committed 20224K, reserved 1048576K
}
Event: 11206.482 GC heap after
{Heap after GC invocations=868 (full 0):
 garbage-first heap   total 330752K, used 136097K [0x0000000080000000, 0x0000000100000000)
  region size 1024K, 5 young (5120K), 5 survivors (5120K)
 Metaspace       used 154545K, capacity 159793K, committed 159984K, reserved 1189888K
  class space    used 18364K, capacity 20219K, committed 20224K, reserved 1048576K
}
Event: 11206.497 GC heap before
{Heap before GC invocations=868 (full 0):
 garbage-first heap   total 330752K, used 142241K [0x0000000080000000, 0x0000000100000000)
  region size 1024K, 12 young (12288K), 5 survivors (5120K)
 Metaspace       used 154546K, capacity 159793K, committed 159984K, reserved 1189888K
  class space    used 18364K, capacity 20219K, committed 20224K, reserved 1048576K
}
Event: 11206.505 GC heap after
{Heap after GC invocations=869 (full 0):
 garbage-first heap   total 330752K, used 136296K [0x0000000080000000, 0x0000000100000000)
  region size 1024K, 6 young (6144K), 6 survivors (6144K)
 Metaspace       used 154546K, capacity 159793K, committed 159984K, reserved 1189888K
  class space    used 18364K, capacity 20219K, committed 20224K, reserved 1048576K
}

